#
# There is insufficient memory for the Java Runtime Environment to continue.
# Native memory allocation (malloc) failed to allocate 32744 bytes for ChunkPool::allocate
# Possible reasons:
#   The system is out of physical RAM or swap space
#   The process is running with CompressedOops enabled, and the Java Heap may be blocking the growth of the native heap
# Possible solutions:
#   Reduce memory load on the system
#   Increase physical memory or swap space
#   Check if swap backing store is full
#   Decrease Java heap size (-Xmx/-Xms)
#   Decrease number of Java threads
#   Decrease Java thread stack sizes (-Xss)
#   Set larger code cache with -XX:ReservedCodeCacheSize=
#   JVM is running with Unscaled Compressed Oops mode in which the Java heap is
#     placed in the first 4GB address space. The Java Heap base address is the
#     maximum limit for the native heap growth. Please use -XX:HeapBaseMinAddress
#     to set the Java Heap base and to place the Java Heap above 4GB virtual address.
# This output file may be truncated or incomplete.
#
#  Out of Memory Error (allocation.cpp:272), pid=7080, tid=0x0000000000001c44
#
# JRE version: Java(TM) SE Runtime Environment (8.0_281-b09) (build 1.8.0_281-b09)
# Java VM: Java HotSpot(TM) 64-Bit Server VM (25.281-b09 mixed mode windows-amd64 compressed oops)
# Failed to write core dump. Minidumps are not enabled by default on client versions of Windows
#

---------------  T H R E A D  ---------------

Current thread (0x000001cd84de4800):  JavaThread "C1 CompilerThread2" daemon [_thread_in_native, id=7236, stack(0x0000000ee8900000,0x0000000ee8a00000)]

Stack: [0x0000000ee8900000,0x0000000ee8a00000]
Native frames: (J=compiled Java code, j=interpreted, Vv=VM code, C=native code)
V  [jvm.dll+0x32e5b9]
V  [jvm.dll+0x275012]
V  [jvm.dll+0x275cbd]
V  [jvm.dll+0x26c6f5]
V  [jvm.dll+0xd569d]
V  [jvm.dll+0xd59fc]
V  [jvm.dll+0x269b3b]
V  [jvm.dll+0x2bf45c]
V  [jvm.dll+0x41239d]
V  [jvm.dll+0x40a111]
V  [jvm.dll+0x407c8e]
V  [jvm.dll+0x3f45b0]
V  [jvm.dll+0x3e0543]
V  [jvm.dll+0x3dfe3d]
V  [jvm.dll+0x3e001e]
V  [jvm.dll+0x3df771]
V  [jvm.dll+0x3e11af]
V  [jvm.dll+0xabe9b]
V  [jvm.dll+0xaa4fb]
V  [jvm.dll+0x23d6b2]
V  [jvm.dll+0x291cbc]
C  [ucrtbase.dll+0x21bb2]
C  [KERNEL32.DLL+0x17034]
C  [ntdll.dll+0x52651]


Current CompileTask:
C1:  28235 2065       3       javax.swing.SwingUtilities::layoutCompoundLabelImpl (758 bytes)


---------------  P R O C E S S  ---------------

Java Threads: ( => current thread )
  0x000001cd89c6c800 JavaThread "TimerQueue" daemon [_thread_blocked, id=4624, stack(0x0000000ee9400000,0x0000000ee9500000)]
  0x000001cded688000 JavaThread "DestroyJavaVM" [_thread_blocked, id=7348, stack(0x0000000ee7a00000,0x0000000ee7b00000)]
  0x000001cd8611b000 JavaThread "AWT-EventQueue-0" [_thread_blocked, id=8916, stack(0x0000000ee9000000,0x0000000ee9100000)]
  0x000001cd8838e000 JavaThread "AWT-Windows" daemon [_thread_in_native, id=12376, stack(0x0000000ee8f00000,0x0000000ee9000000)]
  0x000001cd88dfc000 JavaThread "AWT-Shutdown" [_thread_blocked, id=3364, stack(0x0000000ee8e00000,0x0000000ee8f00000)]
  0x000001cd873f7800 JavaThread "Java2D Disposer" daemon [_thread_blocked, id=10088, stack(0x0000000ee8d00000,0x0000000ee8e00000)]
  0x000001cd85089800 JavaThread "mysql-cj-abandoned-connection-cleanup" daemon [_thread_blocked, id=3196, stack(0x0000000ee8c00000,0x0000000ee8d00000)]
  0x000001cd84e7f000 JavaThread "Service Thread" daemon [_thread_blocked, id=2520, stack(0x0000000ee8a00000,0x0000000ee8b00000)]
=>0x000001cd84de4800 JavaThread "C1 CompilerThread2" daemon [_thread_in_native, id=7236, stack(0x0000000ee8900000,0x0000000ee8a00000)]
  0x000001cd84df5000 JavaThread "C2 CompilerThread1" daemon [_thread_in_native, id=8736, stack(0x0000000ee8800000,0x0000000ee8900000)]
  0x000001cd84de9000 JavaThread "C2 CompilerThread0" daemon [_thread_in_native, id=4560, stack(0x0000000ee8700000,0x0000000ee8800000)]
  0x000001cd8402b000 JavaThread "JDWP Command Reader" daemon [_thread_in_native, id=11896, stack(0x0000000ee8600000,0x0000000ee8700000)]
  0x000001cd8401a000 JavaThread "JDWP Event Helper Thread" daemon [_thread_blocked, id=8376, stack(0x0000000ee8500000,0x0000000ee8600000)]
  0x000001cd84017800 JavaThread "JDWP Transport Listener: dt_socket" daemon [_thread_blocked, id=11368, stack(0x0000000ee8400000,0x0000000ee8500000)]
  0x000001cd83ff7000 JavaThread "Attach Listener" daemon [_thread_blocked, id=11924, stack(0x0000000ee8300000,0x0000000ee8400000)]
  0x000001cd83ff5800 JavaThread "Signal Dispatcher" daemon [_thread_blocked, id=8460, stack(0x0000000ee8200000,0x0000000ee8300000)]
  0x000001cd83fdb800 JavaThread "Finalizer" daemon [_thread_blocked, id=1200, stack(0x0000000ee8100000,0x0000000ee8200000)]
  0x000001cdff81d000 JavaThread "Reference Handler" daemon [_thread_blocked, id=912, stack(0x0000000ee8000000,0x0000000ee8100000)]

Other Threads:
  0x000001cd83fb1800 VMThread [stack: 0x0000000ee7f00000,0x0000000ee8000000] [id=2908]
  0x000001cd84ebc800 WatcherThread [stack: 0x0000000ee8b00000,0x0000000ee8c00000] [id=12356]

VM state:not at safepoint (normal execution)

VM Mutex/Monitor currently owned by a thread: None

heap address: 0x0000000081e00000, size: 2018 MB, Compressed Oops mode: 32-bit
Narrow klass base: 0x0000000000000000, Narrow klass shift: 3
Compressed class space size: 1073741824 Address: 0x0000000100000000

Heap:
 PSYoungGen      total 38400K, used 11092K [0x00000000d5f80000, 0x00000000d8a00000, 0x0000000100000000)
  eden space 33280K, 17% used [0x00000000d5f80000,0x00000000d65589d0,0x00000000d8000000)
  from space 5120K, 99% used [0x00000000d8500000,0x00000000d89fc768,0x00000000d8a00000)
  to   space 5120K, 0% used [0x00000000d8000000,0x00000000d8000000,0x00000000d8500000)
 ParOldGen       total 87552K, used 13479K [0x0000000081e00000, 0x0000000087380000, 0x00000000d5f80000)
  object space 87552K, 15% used [0x0000000081e00000,0x0000000082b29f18,0x0000000087380000)
 Metaspace       used 20492K, capacity 20828K, committed 21120K, reserved 1067008K
  class space    used 2474K, capacity 2581K, committed 2688K, reserved 1048576K

Card table byte_map: [0x000001cdfe440000,0x000001cdfe840000] byte_map_base: 0x000001cdfe031000

Marking Bits: (ParMarkBitMap*) 0x000000005a446ff0
 Begin Bits: [0x000001cd80000000, 0x000001cd81f88000)
 End Bits:   [0x000001cd81f88000, 0x000001cd83f10000)

Polling page: 0x000001cdef050000

CodeCache: size=245760Kb used=7682Kb max_used=7682Kb free=238077Kb
 bounds [0x000001cdef080000, 0x000001cdef810000, 0x000001cdfe080000]
 total_blobs=2649 nmethods=2058 adapters=510
 compilation: enabled

Compilation events (10 events):
Event: 27.906 Thread 0x000001cd84de4800 2063       3       javax.swing.GroupLayout$Spring::getMinimumSize (27 bytes)
Event: 27.906 Thread 0x000001cd84de4800 nmethod 2063 0x000001cdef801fd0 code [0x000001cdef802140, 0x000001cdef802550]
Event: 27.906 Thread 0x000001cd84de4800 2062       3       java.awt.geom.Dimension2D::<init> (5 bytes)
Event: 27.907 Thread 0x000001cd84de4800 nmethod 2062 0x000001cdef805210 code [0x000001cdef805360, 0x000001cdef805518]
Event: 27.908 Thread 0x000001cd84de4800 2064       3       javax.swing.SwingUtilities::layoutCompoundLabel (163 bytes)
Event: 27.909 Thread 0x000001cd84de4800 nmethod 2064 0x000001cdef804810 code [0x000001cdef8049a0, 0x000001cdef805030]
Event: 27.909 Thread 0x000001cd84de4800 2066       3       javax.swing.GroupLayout$SequentialGroup::operator (12 bytes)
Event: 27.909 Thread 0x000001cd84de4800 nmethod 2066 0x000001cdef8040d0 code [0x000001cdef804240, 0x000001cdef8046b8]
Event: 27.909 Thread 0x000001cd84de4800 2065       3       javax.swing.SwingUtilities::layoutCompoundLabelImpl (758 bytes)
Event: 27.922 Thread 0x000001cd84de9000 2072       4       java.util.Arrays::binarySearch0 (95 bytes)

GC Heap History (4 events):
Event: 1.858 GC heap before
{Heap before GC invocations=1 (full 0):
 PSYoungGen      total 38400K, used 33280K [0x00000000d5f80000, 0x00000000d8a00000, 0x0000000100000000)
  eden space 33280K, 100% used [0x00000000d5f80000,0x00000000d8000000,0x00000000d8000000)
  from space 5120K, 0% used [0x00000000d8500000,0x00000000d8500000,0x00000000d8a00000)
  to   space 5120K, 0% used [0x00000000d8000000,0x00000000d8000000,0x00000000d8500000)
 ParOldGen       total 87552K, used 0K [0x0000000081e00000, 0x0000000087380000, 0x00000000d5f80000)
  object space 87552K, 0% used [0x0000000081e00000,0x0000000081e00000,0x0000000087380000)
 Metaspace       used 9601K, capacity 9812K, committed 9856K, reserved 1058816K
  class space    used 1043K, capacity 1113K, committed 1152K, reserved 1048576K
Event: 1.870 GC heap after
Heap after GC invocations=1 (full 0):
 PSYoungGen      total 38400K, used 4809K [0x00000000d5f80000, 0x00000000d8a00000, 0x0000000100000000)
  eden space 33280K, 0% used [0x00000000d5f80000,0x00000000d5f80000,0x00000000d8000000)
  from space 5120K, 93% used [0x00000000d8000000,0x00000000d84b25b0,0x00000000d8500000)
  to   space 5120K, 0% used [0x00000000d8500000,0x00000000d8500000,0x00000000d8a00000)
 ParOldGen       total 87552K, used 16K [0x0000000081e00000, 0x0000000087380000, 0x00000000d5f80000)
  object space 87552K, 0% used [0x0000000081e00000,0x0000000081e04000,0x0000000087380000)
 Metaspace       used 9601K, capacity 9812K, committed 9856K, reserved 1058816K
  class space    used 1043K, capacity 1113K, committed 1152K, reserved 1048576K
}
Event: 14.762 GC heap before
{Heap before GC invocations=2 (full 0):
 PSYoungGen      total 38400K, used 38089K [0x00000000d5f80000, 0x00000000d8a00000, 0x0000000100000000)
  eden space 33280K, 100% used [0x00000000d5f80000,0x00000000d8000000,0x00000000d8000000)
  from space 5120K, 93% used [0x00000000d8000000,0x00000000d84b25b0,0x00000000d8500000)
  to   space 5120K, 0% used [0x00000000d8500000,0x00000000d8500000,0x00000000d8a00000)
 ParOldGen       total 87552K, used 16K [0x0000000081e00000, 0x0000000087380000, 0x00000000d5f80000)
  object space 87552K, 0% used [0x0000000081e00000,0x0000000081e04000,0x0000000087380000)
 Metaspace       used 18984K, capacity 19328K, committed 19584K, reserved 1067008K
  class space    used 2254K, capacity 2377K, committed 2432K, reserved 1048576K
Event: 14.778 GC heap after
Heap after GC invocations=2 (full 0):
 PSYoungGen      total 38400K, used 5105K [0x00000000d5f80000, 0x00000000d8a00000, 0x0000000100000000)
  eden space 33280K, 0% used [0x00000000d5f80000,0x00000000d5f80000,0x00000000d8000000)
  from space 5120K, 99% used [0x00000000d8500000,0x00000000d89fc768,0x00000000d8a00000)
  to   space 5120K, 0% used [0x00000000d8000000,0x00000000d8000000,0x00000000d8500000)
 ParOldGen       total 87552K, used 13479K [0x0000000081e00000, 0x0000000087380000, 0x00000000d5f80000)
  object space 87552K, 15% used [0x0000000081e00000,0x0000000082b29f18,0x0000000087380000)
 Metaspace       used 18984K, capacity 19328K, committed 19584K, reserved 1067008K
  class space    used 2254K, capacity 2377K, committed 2432K, reserved 1048576K
}

Deoptimization events (10 events):
Event: 16.314 Thread 0x000001cd8611b000 Uncommon trap: reason=class_check action=maybe_recompile pc=0x000001cdef1e9ce4 method=java.lang.String.equals(Ljava/lang/Object;)Z @ 8
Event: 16.314 Thread 0x000001cd8611b000 Uncommon trap: reason=class_check action=maybe_recompile pc=0x000001cdef1e9ce4 method=java.lang.String.equals(Ljava/lang/Object;)Z @ 8
Event: 16.550 Thread 0x000001cd8611b000 Uncommon trap: reason=class_check action=maybe_recompile pc=0x000001cdef1e9ce4 method=java.lang.String.equals(Ljava/lang/Object;)Z @ 8
Event: 16.550 Thread 0x000001cd8611b000 Uncommon trap: reason=class_check action=maybe_recompile pc=0x000001cdef1e9ce4 method=java.lang.String.equals(Ljava/lang/Object;)Z @ 8
Event: 27.388 Thread 0x000001cd8611b000 Uncommon trap: reason=unstable_if action=reinterpret pc=0x000001cdef3ce704 method=org.eclipse.jdt.launching.internal.org.objectweb.asm.SymbolTable.addConstant(Ljava/lang/Object;)Lorg/eclipse/jdt/launching/internal/org/objectweb/asm/Symbol; @ 107
Event: 27.500 Thread 0x000001cd8611b000 Uncommon trap: reason=unstable_if action=reinterpret pc=0x000001cdef430428 method=java.util.regex.Pattern$Curly.match0(Ljava/util/regex/Matcher;IILjava/lang/CharSequence;)Z @ 34
Event: 27.500 Thread 0x000001cd8611b000 Uncommon trap: reason=bimorphic action=maybe_recompile pc=0x000001cdef54c3d8 method=java.util.regex.Pattern$BmpCharProperty.match(Ljava/util/regex/Matcher;ILjava/lang/CharSequence;)Z @ 16
Event: 27.500 Thread 0x000001cd8611b000 Uncommon trap: reason=bimorphic action=maybe_recompile pc=0x000001cdef54c3d8 method=java.util.regex.Pattern$BmpCharProperty.match(Ljava/util/regex/Matcher;ILjava/lang/CharSequence;)Z @ 16
Event: 27.500 Thread 0x000001cd8611b000 Uncommon trap: reason=bimorphic action=maybe_recompile pc=0x000001cdef54c3d8 method=java.util.regex.Pattern$BmpCharProperty.match(Ljava/util/regex/Matcher;ILjava/lang/CharSequence;)Z @ 16
Event: 27.502 Thread 0x000001cd8611b000 Uncommon trap: reason=bimorphic action=maybe_recompile pc=0x000001cdef54c3d8 method=java.util.regex.Pattern$BmpCharProperty.match(Ljava/util/regex/Matcher;ILjava/lang/CharSequence;)Z @ 16

Classes redefined (0 events):
No events

Internal exceptions (10 events):
Event: 0.895 Thread 0x000001cded688000 Exception <a 'java/lang/NoSuchFieldError': method resolution failed> (0x00000000d677ce30) thrown at [C:\jenkins\workspace\8-2-build-windows-amd64-cygwin\jdk8u281\880\hotspot\src\share\vm\prims\methodHandles.cpp, line 1169]
Event: 0.901 Thread 0x000001cded688000 Exception <a 'java/lang/NoSuchFieldError': method resolution failed> (0x00000000d678b018) thrown at [C:\jenkins\workspace\8-2-build-windows-amd64-cygwin\jdk8u281\880\hotspot\src\share\vm\prims\methodHandles.cpp, line 1169]
Event: 3.230 Thread 0x000001cded688000 Implicit null exception at 0x000001cdef5a29d8 to 0x000001cdef5a2b0d
Event: 3.383 Thread 0x000001cded688000 Exception <a 'java/io/FileNotFoundException'> (0x00000000d76e9e68) thrown at [C:\jenkins\workspace\8-2-build-windows-amd64-cygwin\jdk8u281\880\hotspot\src\share\vm\prims\jni.cpp, line 710]
Event: 3.447 Thread 0x000001cded688000 Exception <a 'java/io/FileNotFoundException'> (0x00000000d7792898) thrown at [C:\jenkins\workspace\8-2-build-windows-amd64-cygwin\jdk8u281\880\hotspot\src\share\vm\prims\jni.cpp, line 710]
Event: 3.534 Thread 0x000001cded688000 Implicit null exception at 0x000001cdef49b414 to 0x000001cdef49b6a1
Event: 3.534 Thread 0x000001cded688000 Implicit null exception at 0x000001cdef552e98 to 0x000001cdef552f26
Event: 3.534 Thread 0x000001cded688000 Implicit null exception at 0x000001cdef49662f to 0x000001cdef49669d
Event: 27.653 Thread 0x000001cd8611b000 Exception <a 'java/io/FileNotFoundException'> (0x00000000d64cead0) thrown at [C:\jenkins\workspace\8-2-build-windows-amd64-cygwin\jdk8u281\880\hotspot\src\share\vm\prims\jni.cpp, line 710]
Event: 27.659 Thread 0x000001cd8611b000 Exception <a 'java/io/FileNotFoundException'> (0x00000000d64edad0) thrown at [C:\jenkins\workspace\8-2-build-windows-amd64-cygwin\jdk8u281\880\hotspot\src\share\vm\prims\jni.cpp, line 710]

Events (10 events):
Event: 27.756 loading class javax/swing/JTable$Resizable2
Event: 27.756 loading class javax/swing/JTable$Resizable2 done
Event: 27.756 loading class javax/swing/JTable$Resizable3 done
Event: 27.756 loading class javax/swing/JTable$2 done
Event: 27.756 loading class javax/swing/JTable$5
Event: 27.756 loading class javax/swing/JTable$5 done
Event: 27.768 loading class javax/swing/Autoscroller
Event: 27.768 loading class javax/swing/Autoscroller done
Event: 27.878 loading class javax/swing/table/DefaultTableCellRenderer$UIResource
Event: 27.879 loading class javax/swing/table/DefaultTableCellRenderer$UIResource done


Dynamic libraries:
0x00007ff7af010000 - 0x00007ff7af057000 	C:\Program Files\Java\jre1.8.0_281\bin\javaw.exe
0x00007ffebaf30000 - 0x00007ffebb125000 	C:\WINDOWS\SYSTEM32\ntdll.dll
0x00007ffeba2d0000 - 0x00007ffeba38d000 	C:\WINDOWS\System32\KERNEL32.DLL
0x00007ffeb8c10000 - 0x00007ffeb8ed8000 	C:\WINDOWS\System32\KERNELBASE.dll
0x00007ffebad10000 - 0x00007ffebadbc000 	C:\WINDOWS\System32\ADVAPI32.dll
0x00007ffeba750000 - 0x00007ffeba7ee000 	C:\WINDOWS\System32\msvcrt.dll
0x00007ffeba400000 - 0x00007ffeba49b000 	C:\WINDOWS\System32\sechost.dll
0x00007ffeba4a0000 - 0x00007ffeba5cb000 	C:\WINDOWS\System32\RPCRT4.dll
0x00007ffeb94b0000 - 0x00007ffeb9650000 	C:\WINDOWS\System32\USER32.dll
0x00007ffeb8f60000 - 0x00007ffeb8f82000 	C:\WINDOWS\System32\win32u.dll
0x00007ffeb9a20000 - 0x00007ffeb9a4a000 	C:\WINDOWS\System32\GDI32.dll
0x00007ffeb88f0000 - 0x00007ffeb89fb000 	C:\WINDOWS\System32\gdi32full.dll
0x00007ffeb8670000 - 0x00007ffeb870d000 	C:\WINDOWS\System32\msvcp_win.dll
0x00007ffeb8790000 - 0x00007ffeb8890000 	C:\WINDOWS\System32\ucrtbase.dll
0x00007ffea9d00000 - 0x00007ffea9f9a000 	C:\WINDOWS\WinSxS\amd64_microsoft.windows.common-controls_6595b64144ccf1df_6.0.19041.844_none_ca00b6081b84eb1d\COMCTL32.dll
0x00007ffeb9480000 - 0x00007ffeb94b0000 	C:\WINDOWS\System32\IMM32.DLL
0x00007ffea5be0000 - 0x00007ffea5bf5000 	C:\Program Files\Java\jre1.8.0_281\bin\vcruntime140.dll
0x00007ffe96680000 - 0x00007ffe9671b000 	C:\Program Files\Java\jre1.8.0_281\bin\msvcp140.dll
0x0000000059c60000 - 0x000000005a4bf000 	C:\Program Files\Java\jre1.8.0_281\bin\server\jvm.dll
0x00007ffeb9a10000 - 0x00007ffeb9a18000 	C:\WINDOWS\System32\PSAPI.DLL
0x00007ffeaef00000 - 0x00007ffeaef0a000 	C:\WINDOWS\SYSTEM32\VERSION.dll
0x00007ffea6990000 - 0x00007ffea69b7000 	C:\WINDOWS\SYSTEM32\WINMM.dll
0x00007ffeb44a0000 - 0x00007ffeb44a9000 	C:\WINDOWS\SYSTEM32\WSOCK32.dll
0x00007ffeb9830000 - 0x00007ffeb989b000 	C:\WINDOWS\System32\WS2_32.dll
0x00007ffeb6590000 - 0x00007ffeb65a2000 	C:\WINDOWS\SYSTEM32\kernel.appcore.dll
0x00007ffeb0e70000 - 0x00007ffeb0e80000 	C:\Program Files\Java\jre1.8.0_281\bin\verify.dll
0x00007ffea5d40000 - 0x00007ffea5d6b000 	C:\Program Files\Java\jre1.8.0_281\bin\java.dll
0x00007ffe96640000 - 0x00007ffe96676000 	C:\Program Files\Java\jre1.8.0_281\bin\jdwp.dll
0x00007ffea6ee0000 - 0x00007ffea6ee9000 	C:\Program Files\Java\jre1.8.0_281\bin\npt.dll
0x00007ffea5bb0000 - 0x00007ffea5be0000 	C:\Program Files\Java\jre1.8.0_281\bin\instrument.dll
0x00007ffea7090000 - 0x00007ffea70a8000 	C:\Program Files\Java\jre1.8.0_281\bin\zip.dll
0x00007ffeb9b00000 - 0x00007ffeba242000 	C:\WINDOWS\System32\SHELL32.dll
0x00007ffeb6790000 - 0x00007ffeb6f21000 	C:\WINDOWS\SYSTEM32\windows.storage.dll
0x00007ffeba9b0000 - 0x00007ffebad05000 	C:\WINDOWS\System32\combase.dll
0x00007ffeb80e0000 - 0x00007ffeb810c000 	C:\WINDOWS\SYSTEM32\Wldp.dll
0x00007ffeb96b0000 - 0x00007ffeb975e000 	C:\WINDOWS\System32\SHCORE.dll
0x00007ffeba5d0000 - 0x00007ffeba625000 	C:\WINDOWS\System32\shlwapi.dll
0x00007ffeb85b0000 - 0x00007ffeb85cf000 	C:\WINDOWS\SYSTEM32\profapi.dll
0x00007ffea62d0000 - 0x00007ffea62da000 	C:\Program Files\Java\jre1.8.0_281\bin\dt_socket.dll
0x00007ffeb0ac0000 - 0x00007ffeb0ad7000 	C:\WINDOWS\system32\napinsp.dll
0x00007ffeb0aa0000 - 0x00007ffeb0abb000 	C:\WINDOWS\system32\pnrpnsp.dll
0x00007ffeb0dd0000 - 0x00007ffeb0de5000 	C:\WINDOWS\system32\wshbth.dll
0x00007ffeafa00000 - 0x00007ffeafa1d000 	C:\WINDOWS\system32\NLAapi.dll
0x00007ffeb7af0000 - 0x00007ffeb7b2b000 	C:\WINDOWS\SYSTEM32\IPHLPAPI.DLL
0x00007ffeb7e50000 - 0x00007ffeb7eba000 	C:\WINDOWS\System32\mswsock.dll
0x00007ffeb7b40000 - 0x00007ffeb7c0c000 	C:\WINDOWS\SYSTEM32\DNSAPI.dll
0x00007ffeba9a0000 - 0x00007ffeba9a8000 	C:\WINDOWS\System32\NSI.dll
0x00007ffeb0a80000 - 0x00007ffeb0a92000 	C:\WINDOWS\System32\winrnr.dll
0x00007ffea6500000 - 0x00007ffea657f000 	C:\WINDOWS\System32\fwpuclnt.dll
0x00007ffeb8760000 - 0x00007ffeb8787000 	C:\WINDOWS\System32\bcrypt.dll
0x00007ffea8420000 - 0x00007ffea842a000 	C:\Windows\System32\rasadhlp.dll
0x00007ffea5d20000 - 0x00007ffea5d3c000 	C:\Program Files\Java\jre1.8.0_281\bin\net.dll
0x00007ffe9e6d0000 - 0x00007ffe9e6f4000 	C:\Program Files\Java\jre1.8.0_281\bin\sunec.dll
0x00007ffea9820000 - 0x00007ffea9837000 	C:\WINDOWS\SYSTEM32\dhcpcsvc6.DLL
0x00007ffeaefe0000 - 0x00007ffeaeffd000 	C:\WINDOWS\SYSTEM32\dhcpcsvc.DLL
0x00007ffea5c50000 - 0x00007ffea5c63000 	C:\Program Files\Java\jre1.8.0_281\bin\nio.dll
0x00007ffeb8020000 - 0x00007ffeb8038000 	C:\WINDOWS\SYSTEM32\CRYPTSP.dll
0x00007ffeb7780000 - 0x00007ffeb77b4000 	C:\WINDOWS\system32\rsaenh.dll
0x00007ffeb8530000 - 0x00007ffeb855e000 	C:\WINDOWS\SYSTEM32\USERENV.dll
0x00007ffeb8ee0000 - 0x00007ffeb8f60000 	C:\WINDOWS\System32\bcryptprimitives.dll
0x00007ffeb8040000 - 0x00007ffeb804c000 	C:\WINDOWS\SYSTEM32\CRYPTBASE.dll
0x00007ffeafb40000 - 0x00007ffeafb4d000 	C:\Program Files\Java\jre1.8.0_281\bin\sunmscapi.dll
0x00007ffeb8ab0000 - 0x00007ffeb8c0f000 	C:\WINDOWS\System32\CRYPT32.dll
0x00007ffeb8150000 - 0x00007ffeb8177000 	C:\WINDOWS\SYSTEM32\ncrypt.dll
0x00007ffeb8110000 - 0x00007ffeb814b000 	C:\WINDOWS\SYSTEM32\NTASN1.dll
0x00007ffe8a630000 - 0x00007ffe8a7c5000 	C:\Program Files\Java\jre1.8.0_281\bin\awt.dll
0x00007ffeb9760000 - 0x00007ffeb982d000 	C:\WINDOWS\System32\OLEAUT32.dll
0x00007ffeb6140000 - 0x00007ffeb61d0000 	C:\WINDOWS\SYSTEM32\apphelp.dll
0x00007ffeb62d0000 - 0x00007ffeb62ff000 	C:\WINDOWS\system32\DWMAPI.DLL
0x00007ffeb61f0000 - 0x00007ffeb628e000 	C:\WINDOWS\system32\uxtheme.dll
0x00007ffeba630000 - 0x00007ffeba745000 	C:\WINDOWS\System32\MSCTF.dll
0x00007ffebadc0000 - 0x00007ffebaeea000 	C:\WINDOWS\System32\ole32.dll
0x00007ffe8f5d0000 - 0x00007ffe8f6f6000 	C:\WINDOWS\system32\opengl32.dll
0x00007ffe91170000 - 0x00007ffe9119c000 	C:\WINDOWS\SYSTEM32\GLU32.dll
0x00007ffe8b1a0000 - 0x00007ffe8b1e9000 	C:\Program Files\Java\jre1.8.0_281\bin\fontmanager.dll
0x00007ffe8b150000 - 0x00007ffe8b193000 	C:\Program Files\Java\jre1.8.0_281\bin\t2k.dll
0x00007ffeb26a0000 - 0x00007ffeb2799000 	C:\WINDOWS\SYSTEM32\textinputframework.dll
0x00007ffeb5cb0000 - 0x00007ffeb600e000 	C:\WINDOWS\System32\CoreUIComponents.dll
0x00007ffeb5bb0000 - 0x00007ffeb5ca2000 	C:\WINDOWS\System32\CoreMessaging.dll
0x00007ffeb7390000 - 0x00007ffeb73c3000 	C:\WINDOWS\SYSTEM32\ntmarta.dll
0x00007ffeb5a50000 - 0x00007ffeb5ba4000 	C:\WINDOWS\SYSTEM32\wintypes.dll
0x00007ffeb9a50000 - 0x00007ffeb9af9000 	C:\WINDOWS\System32\clbcatq.dll
0x00007ffeb28f0000 - 0x00007ffeb2aa4000 	C:\WINDOWS\SYSTEM32\WindowsCodecs.dll
0x00007ffe98690000 - 0x00007ffe986ce000 	C:\WINDOWS\system32\dataexchange.dll
0x00007ffeb49c0000 - 0x00007ffeb4ba5000 	C:\WINDOWS\system32\dcomp.dll
0x00007ffeb4750000 - 0x00007ffeb49b4000 	C:\WINDOWS\system32\d3d11.dll
0x00007ffeb6f90000 - 0x00007ffeb7083000 	C:\WINDOWS\system32\dxgi.dll
0x00007ffeb2bb0000 - 0x00007ffeb2db1000 	C:\WINDOWS\system32\twinapi.appcore.dll
0x00007ffea7d60000 - 0x00007ffea7f44000 	C:\WINDOWS\SYSTEM32\dbghelp.dll

VM Arguments:
jvm_args: -agentlib:jdwp=transport=dt_socket,suspend=y,address=localhost:49751 -javaagent:C:\Users\Shreyas\eclipse\jee-2019-03\eclipse\configuration\org.eclipse.osgi\409\0\.cp\lib\javaagent-shaded.jar -Dfile.encoding=Cp1252 
java_command: pojos.UserDriver
java_class_path (initial): C:\Users\Shreyas\Desktop\wiley stuff\Project\Team3_ITS\bin;C:\Users\Shreyas\Downloads\mysql-connector-java-8.0.23.jar;C:\Users\Shreyas\eclipse\jee-2019-03\eclipse\configuration\org.eclipse.osgi\409\0\.cp\lib\javaagent-shaded.jar
Launcher Type: SUN_STANDARD

Environment Variables:
JAVA_HOME=C:\Program Files\Java\jdk1.8.0_212
PATH=C:/Program Files/Java/jre1.8.0_281/bin/server;C:/Program Files/Java/jre1.8.0_281/bin;C:/Program Files/Java/jre1.8.0_281/lib/amd64;C:\apache-tomcat-9.0.24\lib\servlet-api.jar;C:\Python27\;C:\Python27\Scripts;C:\Program Files (x86)\Common Files\Oracle\Java\javapath;C:\WINDOWS\system32;C:\WINDOWS;C:\WINDOWS\System32\Wbem;C:\WINDOWS\System32\WindowsPowerShell\v1.0\;C:\WINDOWS\System32\OpenSSH\;C:\Program Files\PuTTY\;C:\Program Files\Git\cmd;C:\Program Files\Java\jdk1.8.0_212\bin;C:\Program Files\nodejs\;C:\ProgramData\chocolatey\bin;C:\Program Files\MongoDB\Server\4.2\bin;;C:\WINDOWS\system32;C:\WINDOWS;C:\WINDOWS\System32\Wbem;C:\WINDOWS\System32\WindowsPowerShell\v1.0\;C:\WINDOWS\System32\OpenSSH\;C:\Users\Shreyas\AppData\Local\Programs\Python\Python39\Scripts\;C:\Users\Shreyas\AppData\Local\Programs\Python\Python39\;C:\Program Files\MySQL\MySQL Shell 8.0\bin\;C:\Users\Shreyas\AppData\Roaming\npm;C:\Users\Shreyas\AppData\Local\Programs\Microsoft VS Code\bin;C:\Users\Shreyas\AppData\Local\Microsoft\WindowsApps;C:\Program Files\heroku\bin;C:\MinGW\bin;C:\Users\Shreyas\AppData\Local\hyper\app-3.0.2\resources\bin;C:\Users\Shreyas\AppData\Local\Programs\MiKTeX\miktex\bin\x64\;C:\Program Files\JetBrains\IntelliJ IDEA Community Edition 2020.2\bin;;;C:\WINDOWS\system32;
USERNAME=Shreyas
OS=Windows_NT
PROCESSOR_IDENTIFIER=Intel64 Family 6 Model 142 Stepping 9, GenuineIntel



---------------  S Y S T E M  ---------------

OS: Windows 10.0 , 64 bit Build 19041 (10.0.19041.928)

CPU:total 4 (initial active 4) (2 cores per cpu, 2 threads per core) family 6 model 142 stepping 9, cmov, cx8, fxsr, mmx, sse, sse2, sse3, ssse3, sse4.1, sse4.2, popcnt, avx, avx2, aes, clmul, erms, 3dnowpref, lzcnt, ht, tsc, tscinvbit, bmi1, bmi2, adx

Memory: 4k page, physical 8260324k(770956k free), swap 10210020k(51952k free)

vm_info: Java HotSpot(TM) 64-Bit Server VM (25.281-b09) for windows-amd64 JRE (1.8.0_281-b09), built on Dec  9 2020 13:54:07 by "" with MS VC++ 15.9 (VS2017)

time: Fri Apr 23 13:27:12 2021
timezone: India Standard Time
elapsed time: 28.254296 seconds (0d 0h 0m 28s)

