#
# There is insufficient memory for the Java Runtime Environment to continue.
# Native memory allocation (malloc) failed to allocate 1048576 bytes for AllocateHeap
# Possible reasons:
#   The system is out of physical RAM or swap space
#   The process is running with CompressedOops enabled, and the Java Heap may be blocking the growth of the native heap
# Possible solutions:
#   Reduce memory load on the system
#   Increase physical memory or swap space
#   Check if swap backing store is full
#   Decrease Java heap size (-Xmx/-Xms)
#   Decrease number of Java threads
#   Decrease Java thread stack sizes (-Xss)
#   Set larger code cache with -XX:ReservedCodeCacheSize=
#   JVM is running with Unscaled Compressed Oops mode in which the Java heap is
#     placed in the first 4GB address space. The Java Heap base address is the
#     maximum limit for the native heap growth. Please use -XX:HeapBaseMinAddress
#     to set the Java Heap base and to place the Java Heap above 4GB virtual address.
# This output file may be truncated or incomplete.
#
#  Out of Memory Error (memory/allocation.inline.hpp:61), pid=15484, tid=0x0000000000001c64
#
# JRE version:  (8.0_281-b09) (build )
# Java VM: Java HotSpot(TM) 64-Bit Server VM (25.281-b09 mixed mode windows-amd64 compressed oops)
# Failed to write core dump. Minidumps are not enabled by default on client versions of Windows
#

---------------  T H R E A D  ---------------

Current thread (0x0000020665a57800):  JavaThread "Unknown thread" [_thread_in_vm, id=7268, stack(0x0000000956500000,0x0000000956600000)]

Stack: [0x0000000956500000,0x0000000956600000]
Native frames: (J=compiled Java code, j=interpreted, Vv=VM code, C=native code)
V  [jvm.dll+0x32e5b9]


---------------  P R O C E S S  ---------------

Java Threads: ( => current thread )

Other Threads:

=>0x0000020665a57800 (exited) JavaThread "Unknown thread" [_thread_in_vm, id=7268, stack(0x0000000956500000,0x0000000956600000)]

VM state:not at safepoint (normal execution)

VM Mutex/Monitor currently owned by a thread: None

heap address: 0x0000000081e00000, size: 2018 MB, Compressed Oops mode: 32-bit
Narrow klass base: 0x0000000000000000, Narrow klass shift: 3
Compressed class space size: 1073741824 Address: 0x0000000100000000

Heap:
 PSYoungGen      total 38400K, used 665K [0x00000000d5f80000, 0x00000000d8a00000, 0x0000000100000000)
  eden space 33280K, 2% used [0x00000000d5f80000,0x00000000d6026670,0x00000000d8000000)
  from space 5120K, 0% used [0x00000000d8500000,0x00000000d8500000,0x00000000d8a00000)
  to   space 5120K, 0% used [0x00000000d8000000,0x00000000d8000000,0x00000000d8500000)
 ParOldGen       total 87552K, used 0K [0x0000000081e00000, 0x0000000087380000, 0x00000000d5f80000)
  object space 87552K, 0% used [0x0000000081e00000,0x0000000081e00000,0x0000000087380000)
 Metaspace       used 764K, capacity 4480K, committed 4480K, reserved 1056768K
  class space    used 76K, capacity 384K, committed 384K, reserved 1048576K

Card table byte_map: [0x0000020676690000,0x0000020676a90000] byte_map_base: 0x0000020676281000

Marking Bits: (ParMarkBitMap*) 0x000000006d0b6ff0
 Begin Bits: [0x0000020676d40000, 0x0000020678cc8000)
 End Bits:   [0x0000020678cc8000, 0x000002067ac50000)

Polling page: 0x0000020665990000

CodeCache: size=245760Kb used=328Kb max_used=328Kb free=245431Kb
 bounds [0x00000206672d0000, 0x0000020667540000, 0x00000206762d0000]
 total_blobs=58 nmethods=0 adapters=38
 compilation: enabled

Compilation events (0 events):
No events

GC Heap History (0 events):
No events

Deoptimization events (0 events):
No events

Classes redefined (0 events):
No events

Internal exceptions (0 events):
No events

Events (10 events):
Event: 0.047 loading class java/lang/Short
Event: 0.047 loading class java/lang/Short done
Event: 0.047 loading class java/lang/Integer
Event: 0.047 loading class java/lang/Integer done
Event: 0.047 loading class java/lang/Long
Event: 0.047 loading class java/lang/Long done
Event: 0.048 loading class java/lang/NullPointerException
Event: 0.048 loading class java/lang/NullPointerException done
Event: 0.048 loading class java/lang/ArithmeticException
Event: 0.048 loading class java/lang/ArithmeticException done


Dynamic libraries:
0x00007ff79f150000 - 0x00007ff79f197000 	C:\Program Files\Java\jre1.8.0_281\bin\javaw.exe
0x00007ffd8d8b0000 - 0x00007ffd8daa5000 	C:\WINDOWS\SYSTEM32\ntdll.dll
0x00007ffd8b910000 - 0x00007ffd8b9cd000 	C:\WINDOWS\System32\KERNEL32.DLL
0x00007ffd8b290000 - 0x00007ffd8b558000 	C:\WINDOWS\System32\KERNELBASE.dll
0x00007ffd8be10000 - 0x00007ffd8bebc000 	C:\WINDOWS\System32\ADVAPI32.dll
0x00007ffd8c310000 - 0x00007ffd8c3ae000 	C:\WINDOWS\System32\msvcrt.dll
0x00007ffd8bd60000 - 0x00007ffd8bdfb000 	C:\WINDOWS\System32\sechost.dll
0x00007ffd8d610000 - 0x00007ffd8d73b000 	C:\WINDOWS\System32\RPCRT4.dll
0x00007ffd8bf20000 - 0x00007ffd8c0c0000 	C:\WINDOWS\System32\USER32.dll
0x00007ffd8aff0000 - 0x00007ffd8b012000 	C:\WINDOWS\System32\win32u.dll
0x00007ffd8c9c0000 - 0x00007ffd8c9ea000 	C:\WINDOWS\System32\GDI32.dll
0x00007ffd8b150000 - 0x00007ffd8b25b000 	C:\WINDOWS\System32\gdi32full.dll
0x00007ffd8b7c0000 - 0x00007ffd8b85d000 	C:\WINDOWS\System32\msvcp_win.dll
0x00007ffd8b6c0000 - 0x00007ffd8b7c0000 	C:\WINDOWS\System32\ucrtbase.dll
0x00007ffd835c0000 - 0x00007ffd8385a000 	C:\WINDOWS\WinSxS\amd64_microsoft.windows.common-controls_6595b64144ccf1df_6.0.19041.844_none_ca00b6081b84eb1d\COMCTL32.dll
0x00007ffd8c2e0000 - 0x00007ffd8c310000 	C:\WINDOWS\System32\IMM32.DLL
0x00007ffd80aa0000 - 0x00007ffd80ab5000 	C:\Program Files\Java\jre1.8.0_281\bin\vcruntime140.dll
0x00007ffd7d1a0000 - 0x00007ffd7d23b000 	C:\Program Files\Java\jre1.8.0_281\bin\msvcp140.dll
0x000000006c8d0000 - 0x000000006d12f000 	C:\Program Files\Java\jre1.8.0_281\bin\server\jvm.dll
0x00007ffd8be00000 - 0x00007ffd8be08000 	C:\WINDOWS\System32\PSAPI.DLL
0x00007ffd86b50000 - 0x00007ffd86b59000 	C:\WINDOWS\SYSTEM32\WSOCK32.dll
0x00007ffd8c270000 - 0x00007ffd8c2db000 	C:\WINDOWS\System32\WS2_32.dll
0x00007ffd81520000 - 0x00007ffd81547000 	C:\WINDOWS\SYSTEM32\WINMM.dll
0x00007ffd83ba0000 - 0x00007ffd83baa000 	C:\WINDOWS\SYSTEM32\VERSION.dll
0x00007ffd88de0000 - 0x00007ffd88df2000 	C:\WINDOWS\SYSTEM32\kernel.appcore.dll
0x00007ffd80eb0000 - 0x00007ffd80ec0000 	C:\Program Files\Java\jre1.8.0_281\bin\verify.dll
0x00007ffd80860000 - 0x00007ffd8088b000 	C:\Program Files\Java\jre1.8.0_281\bin\java.dll
0x00007ffd7b5e0000 - 0x00007ffd7b616000 	C:\Program Files\Java\jre1.8.0_281\bin\jdwp.dll
0x00007ffd86b70000 - 0x00007ffd86b79000 	C:\Program Files\Java\jre1.8.0_281\bin\npt.dll
0x00007ffd80890000 - 0x00007ffd808c0000 	C:\Program Files\Java\jre1.8.0_281\bin\instrument.dll
0x00007ffd80790000 - 0x00007ffd807a8000 	C:\Program Files\Java\jre1.8.0_281\bin\zip.dll
0x00007ffd7dd60000 - 0x00007ffd7df44000 	C:\WINDOWS\SYSTEM32\dbghelp.dll
0x00007ffd8b020000 - 0x00007ffd8b0a0000 	C:\WINDOWS\System32\bcryptPrimitives.dll

VM Arguments:
jvm_args: -agentlib:jdwp=transport=dt_socket,suspend=y,address=localhost:64674 -javaagent:C:\Users\Shreyas\eclipse\jee-2019-03\eclipse\configuration\org.eclipse.osgi\409\0\.cp\lib\javaagent-shaded.jar -Dfile.encoding=Cp1252 
java_command: register.UserDriver
java_class_path (initial): C:\Users\Shreyas\Desktop\wiley stuff\Project\Team3_ITS\bin;C:\Users\Shreyas\Downloads\mysql-connector-java-8.0.23.jar;C:\Users\Shreyas\eclipse\jee-2019-03\eclipse\configuration\org.eclipse.osgi\409\0\.cp\lib\javaagent-shaded.jar
Launcher Type: SUN_STANDARD

Environment Variables:
JAVA_HOME=C:\Program Files\Java\jdk1.8.0_212
PATH=C:/Program Files/Java/jre1.8.0_281/bin/server;C:/Program Files/Java/jre1.8.0_281/bin;C:/Program Files/Java/jre1.8.0_281/lib/amd64;C:\apache-tomcat-9.0.24\lib\servlet-api.jar;C:\Python27\;C:\Python27\Scripts;C:\Program Files (x86)\Common Files\Oracle\Java\javapath;C:\WINDOWS\system32;C:\WINDOWS;C:\WINDOWS\System32\Wbem;C:\WINDOWS\System32\WindowsPowerShell\v1.0\;C:\WINDOWS\System32\OpenSSH\;C:\Program Files\PuTTY\;C:\Program Files\Git\cmd;C:\Program Files\Java\jdk1.8.0_212\bin;C:\Program Files\nodejs\;C:\ProgramData\chocolatey\bin;C:\Program Files\MongoDB\Server\4.2\bin;;C:\WINDOWS\system32;C:\WINDOWS;C:\WINDOWS\System32\Wbem;C:\WINDOWS\System32\WindowsPowerShell\v1.0\;C:\WINDOWS\System32\OpenSSH\;C:\Users\Shreyas\AppData\Local\Programs\Python\Python39\Scripts\;C:\Users\Shreyas\AppData\Local\Programs\Python\Python39\;C:\Program Files\MySQL\MySQL Shell 8.0\bin\;C:\Users\Shreyas\AppData\Roaming\npm;C:\Users\Shreyas\AppData\Local\Programs\Microsoft VS Code\bin;C:\Users\Shreyas\AppData\Local\Microsoft\WindowsApps;C:\Program Files\heroku\bin;C:\MinGW\bin;C:\Users\Shreyas\AppData\Local\hyper\app-3.0.2\resources\bin;C:\Users\Shreyas\AppData\Local\Programs\MiKTeX\miktex\bin\x64\;C:\Program Files\JetBrains\IntelliJ IDEA Community Edition 2020.2\bin;;;C:\WINDOWS\system32;
USERNAME=Shreyas
OS=Windows_NT
PROCESSOR_IDENTIFIER=Intel64 Family 6 Model 142 Stepping 9, GenuineIntel



---------------  S Y S T E M  ---------------

OS: Windows 10.0 , 64 bit Build 19041 (10.0.19041.928)

CPU:total 4 (initial active 4) (2 cores per cpu, 2 threads per core) family 6 model 142 stepping 9, cmov, cx8, fxsr, mmx, sse, sse2, sse3, ssse3, sse4.1, sse4.2, popcnt, avx, avx2, aes, clmul, erms, 3dnowpref, lzcnt, ht, tsc, tscinvbit, bmi1, bmi2, adx

Memory: 4k page, physical 8260324k(1618640k free), swap 10210020k(4120k free)

vm_info: Java HotSpot(TM) 64-Bit Server VM (25.281-b09) for windows-amd64 JRE (1.8.0_281-b09), built on Dec  9 2020 13:54:07 by "" with MS VC++ 15.9 (VS2017)

time: Thu Apr 22 12:33:23 2021
timezone: India Standard Time
elapsed time: 0.090981 seconds (0d 0h 0m 0s)

